2021-02-07 20:00:07.612 - INFO - 5468 - azureml.train.automl._azureautomlclient.modify_run_configuration:199 - Package azureml-train-automl missing from dependencies file.
2021-02-07 20:00:07.613 - INFO - 5468 - azureml.train.automl._azureautomlclient.modify_run_configuration:205 - Using pinned version: azureml-train-automl==1.20.0.*
2021-02-07 20:00:07.614 - INFO - 5468 - azureml.train.automl._azureautomlclient.modify_run_configuration:199 - Package pandas missing from dependencies file.
2021-02-07 20:00:07.614 - INFO - 5468 - azureml.train.automl._azureautomlclient.modify_run_configuration:205 - Using pinned version: pandas==0.25.1
2021-02-07 20:00:07.615 - INFO - 5468 - azureml.train.automl._azureautomlclient.modify_run_configuration:199 - Package psutil missing from dependencies file.
2021-02-07 20:00:07.615 - INFO - 5468 - azureml.train.automl._azureautomlclient.modify_run_configuration:205 - Using pinned version: psutil>5.0.0,<6.0.0
2021-02-07 20:00:07.615 - INFO - 5468 - azureml.train.automl._azureautomlclient.modify_run_configuration:199 - Package scikit-learn missing from dependencies file.
2021-02-07 20:00:07.616 - INFO - 5468 - azureml.train.automl._azureautomlclient.modify_run_configuration:205 - Using pinned version: scikit-learn==0.22.1
2021-02-07 20:00:07.616 - INFO - 5468 - azureml.train.automl._azureautomlclient.modify_run_configuration:199 - Package numpy missing from dependencies file.
2021-02-07 20:00:07.616 - INFO - 5468 - azureml.train.automl._azureautomlclient.modify_run_configuration:205 - Using pinned version: numpy~=1.18.0
2021-02-07 20:00:07.617 - INFO - 5468 - azureml.train.automl._azureautomlclient.modify_run_configuration:199 - Package py-xgboost missing from dependencies file.
2021-02-07 20:00:07.617 - INFO - 5468 - azureml.train.automl._azureautomlclient.modify_run_configuration:205 - Using pinned version: py-xgboost<=0.90
2021-02-07 20:00:07.617 - INFO - 5468 - azureml.train.automl._azureautomlclient.modify_run_configuration:199 - Package inference-schema missing from dependencies file.
2021-02-07 20:00:07.618 - INFO - 5468 - azureml.train.automl._azureautomlclient.modify_run_configuration:199 - Package fbprophet missing from dependencies file.
2021-02-07 20:00:07.618 - INFO - 5468 - azureml.train.automl._azureautomlclient.modify_run_configuration:205 - Using pinned version: fbprophet==0.5
2021-02-07 20:00:07.619 - INFO - 5468 - azureml.train.automl._azureautomlclient.modify_run_configuration:199 - Package setuptools-git missing from dependencies file.
2021-02-07 20:00:07.619 - INFO - 5468 - azureml.train.automl._azureautomlclient.modify_run_configuration:209 - Using installed version: setuptools-git==1.2
2021-02-07 20:00:07.634 - INFO - 5468 - azureml.train.automl._azureautomlclient._validate_input:664 - Start data validation.
2021-02-07 20:00:08.738 - INFO - 5468 - azureml.train.automl._azureautomlclient._validate_input:677 - Validation service found the data has no errors.
2021-02-07 20:00:08.738 - INFO - 5468 - azureml.train.automl._azureautomlclient._create_parent_run_for_remote:542 - Start creating parent run.
2021-02-07 20:00:09.021 - INFO - 5468 - azureml.train.automl._azureautomlclient._create_parent_run_for_remote:562 - [ParentRunID:AutoML_da0f5073-4f86-43a2-b902-0d62d74e6569] Remote run using input X and y.
2021-02-07 20:00:09.352 - INFO - 5468 - azureml.train.automl._azureautomlclient._create_parent_run_for_remote:575 - Parent Run ID: AutoML_da0f5073-4f86-43a2-b902-0d62d74e6569
2021-02-07 20:00:09.352 - INFO - 5468 - azureml.train.automl._azureautomlclient._fit_remote_core:503 - Starting a snapshot run (snapshot_id : None)
